c:\users\noahk\onedrive - university of plymouth\comp3015\comp3015\x64\debug\vc143.pdb
c:\users\noahk\onedrive - university of plymouth\comp3015\comp3015\x64\debug\vc143.idb
c:\users\noahk\onedrive - university of plymouth\comp3015\comp3015\x64\debug\scenebasic_uniform.obj
c:\users\noahk\onedrive - university of plymouth\comp3015\comp3015\x64\debug\model.obj
c:\users\noahk\onedrive - university of plymouth\comp3015\comp3015\x64\debug\main.obj
c:\users\noahk\onedrive - university of plymouth\comp3015\comp3015\x64\debug\glutils.obj
c:\users\noahk\onedrive - university of plymouth\comp3015\comp3015\x64\debug\glslprogram.obj
c:\users\noahk\onedrive - university of plymouth\comp3015\comp3015\x64\debug\framebuffer.obj
c:\users\noahk\onedrive - university of plymouth\comp3015\comp3015\x64\debug\glad.obj
c:\users\noahk\onedrive - university of plymouth\comp3015\comp3015\x64\debug\vc142.idb
c:\users\noahk\onedrive - university of plymouth\comp3015\comp3015\x64\debug\project_template.pdb
c:\users\noahk\onedrive - university of plymouth\comp3015\comp3015\x64\debug\vc142.pdb
c:\users\noahk\onedrive - university of plymouth\comp3015\comp3015\x64\debug\project_template.tlog\cl.command.1.tlog
c:\users\noahk\onedrive - university of plymouth\comp3015\comp3015\x64\debug\project_template.tlog\cl.read.1.tlog
c:\users\noahk\onedrive - university of plymouth\comp3015\comp3015\x64\debug\project_template.tlog\cl.write.1.tlog
c:\users\noahk\onedrive - university of plymouth\comp3015\comp3015\x64\debug\project_template.tlog\link.13716-cvtres.read.1.tlog
c:\users\noahk\onedrive - university of plymouth\comp3015\comp3015\x64\debug\project_template.tlog\link.13716-cvtres.write.1.tlog
c:\users\noahk\onedrive - university of plymouth\comp3015\comp3015\x64\debug\project_template.tlog\link.13716-rc.read.1.tlog
c:\users\noahk\onedrive - university of plymouth\comp3015\comp3015\x64\debug\project_template.tlog\link.13716-rc.write.1.tlog
c:\users\noahk\onedrive - university of plymouth\comp3015\comp3015\x64\debug\project_template.tlog\link.13716.read.1.tlog
c:\users\noahk\onedrive - university of plymouth\comp3015\comp3015\x64\debug\project_template.tlog\link.13716.read.2.tlog
c:\users\noahk\onedrive - university of plymouth\comp3015\comp3015\x64\debug\project_template.tlog\link.13716.write.1.tlog
c:\users\noahk\onedrive - university of plymouth\comp3015\comp3015\x64\debug\project_template.tlog\link.command.1.tlog
c:\users\noahk\onedrive - university of plymouth\comp3015\comp3015\x64\debug\project_template.tlog\link.read.1.tlog
c:\users\noahk\onedrive - university of plymouth\comp3015\comp3015\x64\debug\project_template.tlog\link.write.1.tlog
